/*C1*/SET SCHEMA SYSTEM_LOBS
INSERT INTO BLOCKS VALUES(0,2147483647,0)
COMMIT
/*C2*/SET SCHEMA PUBLIC
DISCONNECT
/*C3*/SET SCHEMA PUBLIC
CREATE TABLE FAVORITERESTAURANT(USER VARCHAR(200), RESTAURANTID INT)
INSERT INTO FAVORITERESTAURANT VALUES('loginuser',6)
COMMIT
INSERT INTO FAVORITERESTAURANT VALUES('loginuser',6)
COMMIT
INSERT INTO FAVORITERESTAURANT VALUES('loginuser',6)
COMMIT
INSERT INTO FAVORITERESTAURANT VALUES('loginuser',6)
COMMIT
INSERT INTO FAVORITERESTAURANT VALUES('loginuser',6)
COMMIT
INSERT INTO FAVORITERESTAURANT VALUES('loginuser',6)
COMMIT
INSERT INTO FAVORITERESTAURANT VALUES('loginuser',6)
COMMIT
INSERT INTO FAVORITERESTAURANT VALUES('loginuser',6)
COMMIT
INSERT INTO FAVORITERESTAURANT VALUES('loginuser',6)
COMMIT
INSERT INTO FAVORITERESTAURANT VALUES('loginuser',6)
COMMIT
INSERT INTO FAVORITERESTAURANT VALUES('loginuser',6)
COMMIT
INSERT INTO FAVORITERESTAURANT VALUES('loginuser',6)
COMMIT
INSERT INTO FAVORITERESTAURANT VALUES('loginuser',6)
COMMIT
INSERT INTO FAVORITERESTAURANT VALUES('loginuser',6)
COMMIT
INSERT INTO FAVORITERESTAURANT VALUES('loginuser',6)
COMMIT
INSERT INTO FAVORITERESTAURANT VALUES('loginuser',5)
COMMIT
