/*C2*/SET SCHEMA PUBLIC
DROP TABLE IF EXISTS FAVORITERESTAURANT
DROP TABLE IF EXISTS USERAREA
DROP TABLE IF EXISTS PATHFLUX
DROP TABLE IF EXISTS NUTRITIONPREFERENCES
CREATE TABLE FAVORITERESTAURANT(USERNAME VARCHAR(100), RESTAURANTID VARCHAR(100), CONSTRAINT pk_fav PRIMARY KEY (USERNAME, RESTAURANTID))
CREATE TABLE USERAREA (USERNAME VARCHAR(500), AREANAME VARCHAR(200), CONSTRAINT pk_userarea PRIMARY KEY (USERNAME, AREANAME))
CREATE TABLE PATHFLUX (URLFLUX VARCHAR(500) PRIMARY KEY, AREANAME VARCHAR(200))
CREATE TABLE nutritionPreferences (USERNAME varchar(100), NUTRITIONCODE INTEGER, CONSTRAINT pk_nutrition PRIMARY KEY (USERNAME, NUTRITIONCODE))
INSERT INTO PATHFLUX VALUES('http://www.souquet.eu/test/v2/flux.json',NULL)
COMMIT
DELETE FROM PATHFLUX WHERE URLFLUX='http://www.souquet.eu/test/v2/flux.json'
INSERT INTO PATHFLUX VALUES('http://www.souquet.eu/test/v2/flux.json','LA ROCHELLE')
COMMIT
INSERT INTO FAVORITERESTAURANT VALUES('loginuser','24')
COMMIT
DELETE FROM FAVORITERESTAURANT WHERE USERNAME='loginuser' AND RESTAURANTID='24'
COMMIT
INSERT INTO NUTRITIONPREFERENCES VALUES('loginuser',1)
COMMIT
INSERT INTO NUTRITIONPREFERENCES VALUES('loginuser',5)
COMMIT
INSERT INTO NUTRITIONPREFERENCES VALUES('loginuser',10)
COMMIT
INSERT INTO NUTRITIONPREFERENCES VALUES('loginuser',12)
COMMIT
DELETE FROM NUTRITIONPREFERENCES WHERE USERNAME='loginuser' AND NUTRITIONCODE=1
COMMIT
INSERT INTO NUTRITIONPREFERENCES VALUES('loginuser',1)
COMMIT
INSERT INTO USERAREA VALUES('loginuser','NIORT')
COMMIT
